0 info it worked if it ends with ok
1 verbose cli [ '/usr/local/Cellar/node/6.2.1/bin/node',
1 verbose cli   '/usr/local/bin/npm',
1 verbose cli   'install' ]
2 info using npm@3.9.3
3 info using node@v6.2.1
4 verbose config Skipping project config: /Users/rickie/.npmrc. (matches userconfig)
5 silly loadCurrentTree Starting
6 silly install loadCurrentTree
7 silly install readLocalPackageData
8 silly install normalizeTree
9 silly loadCurrentTree Finishing
10 silly loadIdealTree Starting
11 silly install loadIdealTree
12 silly cloneCurrentTree Starting
13 silly install cloneCurrentTreeToIdealTree
14 silly cloneCurrentTree Finishing
15 silly loadShrinkwrap Starting
16 silly install loadShrinkwrap
17 silly loadShrinkwrap Finishing
18 silly loadAllDepsIntoIdealTree Starting
19 silly install loadAllDepsIntoIdealTree
20 silly loadAllDepsIntoIdealTree Finishing
21 silly idealTree:prePrune node@0.0.0
21 silly idealTree:prePrune └── node@0.0.0
22 silly loadIdealTree Finishing
23 silly currentTree node@0.0.0
23 silly currentTree └── node@0.0.0
24 silly idealTree node@0.0.0
24 silly idealTree └── node@0.0.0
25 silly generateActionsToTake Starting
26 silly install generateActionsToTake
27 warn checkPermissions Missing write access to /Users
28 silly rollbackFailedOptional Starting
29 silly rollbackFailedOptional Finishing
30 silly runTopLevelLifecycles Starting
31 silly runTopLevelLifecycles Finishing
32 silly install printInstalled
33 warn node@0.0.0 No description
34 warn node@0.0.0 No repository field.
35 warn node@0.0.0 No license field.
36 verbose stack Error: EACCES: permission denied, access '/Users'
36 verbose stack     at Error (native)
37 verbose cwd /Users/rickie/Github/runnable.cms
38 error Darwin 15.4.0
39 error argv "/usr/local/Cellar/node/6.2.1/bin/node" "/usr/local/bin/npm" "install"
40 error node v6.2.1
41 error npm  v3.9.3
42 error path /Users
43 error code EACCES
44 error errno -13
45 error syscall access
46 error Error: EACCES: permission denied, access '/Users'
46 error     at Error (native)
46 error  { Error: EACCES: permission denied, access '/Users'
46 error     at Error (native) errno: -13, code: 'EACCES', syscall: 'access', path: '/Users' }
47 error Please try running this command again as root/Administrator.
48 verbose exit [ -13, true ]
